Arguments: 
  /Users/john/.nvm/versions/node/v8.6.0/bin/node /Users/john/.nvm/versions/node/v8.6.0/bin/yarn add egg-script

PATH: 
  /Users/john/.nvm/versions/node/v8.6.0/bin:/usr/local/bin:/usr/bin:/bin:/usr/sbin:/sbin:/usr/local/Cellar/mongodb/3.4.9/bin:/usr/local/mysql/bin:/usr/local/Cellar/mongodb/3.4.9/bin:/usr/local/mysql/bin

Yarn version: 
  1.1.0

Node version: 
  8.6.0

Platform: 
  darwin x64

npm manifest: 
  {
    "name": "page-open-source",
    "version": "4.0.1",
    "description": "page-open-source project",
    "scripts": {
      "debug": "egg-bin debug",
      "clean": "easy clean all",
      "build": "cross-env easywebpack build prod",
      "build:test": "cross-env easywebpack build test",
      "build:prod": "cross-env easywebpack build prod",
      "dev": "cross-env WORKERS=1 node index.js",
      "start": "cross-env EGG_SERVER_ENV=prod NODE_ENV=production egg-scripts start --daemon",
      "start:test": "cross-env EGG_SERVER_ENV=test NODE_ENV=test egg-scripts start --daemon",
      "kill-mac": "kill -9 $(lsof -i:7001 |grep 'node'|awk '{print $2}')",
      "kill-dev": "kill -9 $(lsof -i:9000 |grep 'node'|awk '{print $2}') && kill -9 $(lsof -i:9001 |grep 'node'|awk '{print $2}')",
      "kill-win": "taskkill -PID $(netstat -ano | findstr 7001|awk '{print $5}') -F",
      "restart": "npm run kill-mac && npm run start",
      "lint": "eslint .",
      "fix": "eslint --fix .",
      "ii": "npm install --registry https://registry.npm.taobao.org"
    },
    "dependencies": {
      "axios": "^0.17.1",
      "cross-env": "^5.0.0",
      "egg": "^2.1.0",
      "egg-cors": "^2.0.0",
      "egg-logger": "^1.5.0",
      "egg-serviceworker": "^1.0.0",
      "egg-view-vue-ssr": "^3.0.2",
      "element-ui": "^2.3.4",
      "lodash": "^4.17.4",
      "moment": "^2.17.1",
      "postcss-cssnext": "^3.1.0",
      "postcss-import": "^11.1.0",
      "postcss-pxtorem": "^4.0.1",
      "service-worker-register": "^1.2.4",
      "vue": "^2.5.0",
      "vue-router": "^3.0.1",
      "vuex": "^3.0.1",
      "vuex-router-sync": "^5.0.0"
    },
    "devDependencies": {
      "autod-egg": "^1.0.0",
      "autoprefixer": "^7.1.4",
      "babel-plugin-add-module-exports": "^0.2.1",
      "babel-plugin-syntax-dynamic-import": "^6.18.0",
      "babel-plugin-transform-object-assign": "^6.22.0",
      "babel-plugin-transform-object-rest-spread": "^6.26.0",
      "babel-plugin-transform-runtime": "^6.23.0",
      "babel-preset-env": "^1.6.0",
      "easywebpack-cli": "^3.8.0",
      "easywebpack-vue": "^4.0.0",
      "egg-bin": "^4.3.7",
      "egg-logview": "^1.0.0",
      "egg-mongoose": "^2.2.1",
      "egg-validate": "^1.0.0",
      "egg-webpack": "^4.0.1",
      "egg-webpack-vue": "^2.0.0",
      "eslint-config-egg": "^5.0.0",
      "eslint-plugin-vue": "^2.0.1",
      "imagemin-webpack-plugin": "^2.0.0",
      "ip": "^1.1.5",
      "less": "^2.7.2",
      "less-loader": "^4.0.5",
      "node-sass": "^4.5.3",
      "prettier": "^1.12.0",
      "sass-loader": "^6.0.6"
    },
    "engines": {
      "node": ">=8.0.0"
    },
    "ci": {
      "version": "8, 9"
    },
    "repository": {
      "type": "git",
      "url": "git+https://github.com/hubcarl/egg-vue-webpack-boilerplate.git"
    },
    "author": "hubcarl@126.com",
    "license": "MIT",
    "homepage": "https://github.com/hubcarl/egg-vue-webpack-boilerplate"
  }

yarn manifest: 
  No manifest

Lockfile: 
  No lockfile

Trace: 
  Error: https://registry.yarnpkg.com/egg-script: Not found
      at Request.params.callback [as _callback] (/Users/john/.nvm/versions/node/v8.6.0/lib/node_modules/yarn/lib/cli.js:61779:18)
      at Request.self.callback (/Users/john/.nvm/versions/node/v8.6.0/lib/node_modules/yarn/lib/cli.js:121917:22)
      at emitTwo (events.js:125:13)
      at Request.emit (events.js:213:7)
      at Request.<anonymous> (/Users/john/.nvm/versions/node/v8.6.0/lib/node_modules/yarn/lib/cli.js:122900:10)
      at emitOne (events.js:115:13)
      at Request.emit (events.js:210:7)
      at IncomingMessage.<anonymous> (/Users/john/.nvm/versions/node/v8.6.0/lib/node_modules/yarn/lib/cli.js:122820:12)
      at Object.onceWrapper (events.js:314:30)
      at emitNone (events.js:110:20)
